# JRE version: Java(TM) SE Runtime Environment (8.0_73-b02) (build 1.8.0_73-b02)
# Java VM: Java HotSpot(TM) 64-Bit Server VM (25.73-b02 mixed mode windows-amd64 compressed oops)
Heap:
 PSYoungGen      total 203264K, used 83157K [0x00000000eab00000, 0x00000000fcf00000, 0x0000000100000000)
  eden space 121856K, 22% used [0x00000000eab00000,0x00000000ec5d7658,0x00000000f2200000)
  from space 81408K, 68% used [0x00000000f7580000,0x00000000fabddf00,0x00000000fc500000)
  to   space 85504K, 0% used [0x00000000f2200000,0x00000000f2200000,0x00000000f7580000)
 ParOldGen       total 287232K, used 195550K [0x00000000c0000000, 0x00000000d1880000, 0x00000000eab00000)
  object space 287232K, 68% used [0x00000000c0000000,0x00000000cbef7a60,0x00000000d1880000)
 Metaspace       used 6533K, capacity 7256K, committed 7424K, reserved 1056768K
  class space    used 624K, capacity 656K, committed 768K, reserved 1048576K
GC Heap History (10 events):
Event: 31.308 GC heap before
{Heap before GC invocations=15 (full 2):
 PSYoungGen      total 147456K, used 135376K [0x00000000eab00000, 0x00000000f7600000, 0x0000000100000000)
  eden space 96256K, 100% used [0x00000000eab00000,0x00000000f0900000,0x00000000f0900000)
  from space 51200K, 76% used [0x00000000f4280000,0x00000000f68b4210,0x00000000f7480000)
  to   space 55808K, 0% used [0x00000000f0900000,0x00000000f0900000,0x00000000f3f80000)
 ParOldGen       total 173056K, used 117349K [0x00000000c0000000, 0x00000000ca900000, 0x00000000eab00000)
  object space 173056K, 67% used [0x00000000c0000000,0x00000000c7299470,0x00000000ca900000)
 Metaspace       used 6528K, capacity 7256K, committed 7424K, reserved 1056768K
  class space    used 624K, capacity 656K, committed 768K, reserved 1048576K
Event: 31.409 GC heap after
Heap after GC invocations=15 (full 2):
 PSYoungGen      total 152064K, used 55782K [0x00000000eab00000, 0x00000000faa80000, 0x0000000100000000)
  eden space 96256K, 0% used [0x00000000eab00000,0x00000000eab00000,0x00000000f0900000)
  from space 55808K, 99% used [0x00000000f0900000,0x00000000f3f799d8,0x00000000f3f80000)
  to   space 76288K, 0% used [0x00000000f6000000,0x00000000f6000000,0x00000000faa80000)
 ParOldGen       total 173056K, used 146115K [0x00000000c0000000, 0x00000000ca900000, 0x00000000eab00000)
  object space 173056K, 84% used [0x00000000c0000000,0x00000000c8eb0dc0,0x00000000ca900000)
 Metaspace       used 6528K, capacity 7256K, committed 7424K, reserved 1056768K
  class space    used 624K, capacity 656K, committed 768K, reserved 1048576K
}
Event: 31.409 GC heap before
{Heap before GC invocations=16 (full 3):
 PSYoungGen      total 152064K, used 55782K [0x00000000eab00000, 0x00000000faa80000, 0x0000000100000000)
  eden space 96256K, 0% used [0x00000000eab00000,0x00000000eab00000,0x00000000f0900000)
  from space 55808K, 99% used [0x00000000f0900000,0x00000000f3f799d8,0x00000000f3f80000)
  to   space 76288K, 0% used [0x00000000f6000000,0x00000000f6000000,0x00000000faa80000)
 ParOldGen       total 173056K, used 146115K [0x00000000c0000000, 0x00000000ca900000, 0x00000000eab00000)
  object space 173056K, 84% used [0x00000000c0000000,0x00000000c8eb0dc0,0x00000000ca900000)
 Metaspace       used 6528K, capacity 7256K, committed 7424K, reserved 1056768K
  class space    used 624K, capacity 656K, committed 768K, reserved 1048576K
Event: 31.952 GC heap after
Heap after GC invocations=16 (full 3):
 PSYoungGen      total 152064K, used 21357K [0x00000000eab00000, 0x00000000faa80000, 0x0000000100000000)
  eden space 96256K, 0% used [0x00000000eab00000,0x00000000eab00000,0x00000000f0900000)
  from space 55808K, 38% used [0x00000000f0900000,0x00000000f1ddb758,0x00000000f3f80000)
  to   space 76288K, 0% used [0x00000000f6000000,0x00000000f6000000,0x00000000faa80000)
 ParOldGen       total 287232K, used 173042K [0x00000000c0000000, 0x00000000d1880000, 0x00000000eab00000)
  object space 287232K, 60% used [0x00000000c0000000,0x00000000ca8fcb98,0x00000000d1880000)
 Metaspace       used 6528K, capacity 7256K, committed 7424K, reserved 1056768K
  class space    used 624K, capacity 656K, committed 768K, reserved 1048576K
}
Event: 33.142 GC heap before
{Heap before GC invocations=17 (full 3):
 PSYoungGen      total 152064K, used 117613K [0x00000000eab00000, 0x00000000faa80000, 0x0000000100000000)
  eden space 96256K, 100% used [0x00000000eab00000,0x00000000f0900000,0x00000000f0900000)
  from space 55808K, 38% used [0x00000000f0900000,0x00000000f1ddb758,0x00000000f3f80000)
  to   space 76288K, 0% used [0x00000000f6000000,0x00000000f6000000,0x00000000faa80000)
 ParOldGen       total 287232K, used 173042K [0x00000000c0000000, 0x00000000d1880000, 0x00000000eab00000)
  object space 287232K, 60% used [0x00000000c0000000,0x00000000ca8fcb98,0x00000000d1880000)
 Metaspace       used 6528K, capacity 7256K, committed 7424K, reserved 1056768K
  class space    used 624K, capacity 656K, committed 768K, reserved 1048576K
Event: 33.371 GC heap after
Heap after GC invocations=17 (full 3):
 PSYoungGen      total 184832K, used 40695K [0x00000000eab00000, 0x00000000fab80000, 0x0000000100000000)
  eden space 108544K, 0% used [0x00000000eab00000,0x00000000eab00000,0x00000000f1500000)
  from space 76288K, 53% used [0x00000000f6000000,0x00000000f87bde40,0x00000000faa80000)
  to   space 76800K, 0% used [0x00000000f1500000,0x00000000f1500000,0x00000000f6000000)
 ParOldGen       total 287232K, used 195542K [0x00000000c0000000, 0x00000000d1880000, 0x00000000eab00000)
  object space 287232K, 68% used [0x00000000c0000000,0x00000000cbef5a60,0x00000000d1880000)
 Metaspace       used 6528K, capacity 7256K, committed 7424K, reserved 1056768K
  class space    used 624K, capacity 656K, committed 768K, reserved 1048576K
}
Event: 34.506 GC heap before
{Heap before GC invocations=18 (full 3):
 PSYoungGen      total 184832K, used 149239K [0x00000000eab00000, 0x00000000fab80000, 0x0000000100000000)
  eden space 108544K, 100% used [0x00000000eab00000,0x00000000f1500000,0x00000000f1500000)
  from space 76288K, 53% used [0x00000000f6000000,0x00000000f87bde40,0x00000000faa80000)
  to   space 76800K, 0% used [0x00000000f1500000,0x00000000f1500000,0x00000000f6000000)
 ParOldGen       total 287232K, used 195542K [0x00000000c0000000, 0x00000000d1880000, 0x00000000eab00000)
  object space 287232K, 68% used [0x00000000c0000000,0x00000000cbef5a60,0x00000000d1880000)
 Metaspace       used 6529K, capacity 7256K, committed 7424K, reserved 1056768K
  class space    used 624K, capacity 656K, committed 768K, reserved 1048576K
Event: 34.913 GC heap after
Heap after GC invocations=18 (full 3):
 PSYoungGen      total 185344K, used 53158K [0x00000000eab00000, 0x00000000fc500000, 0x0000000100000000)
  eden space 108544K, 0% used [0x00000000eab00000,0x00000000eab00000,0x00000000f1500000)
  from space 76800K, 69% used [0x00000000f1500000,0x00000000f48e9898,0x00000000f6000000)
  to   space 81408K, 0% used [0x00000000f7580000,0x00000000f7580000,0x00000000fc500000)
 ParOldGen       total 287232K, used 195542K [0x00000000c0000000, 0x00000000d1880000, 0x00000000eab00000)
  object space 287232K, 68% used [0x00000000c0000000,0x00000000cbef5a60,0x00000000d1880000)
 Metaspace       used 6529K, capacity 7256K, committed 7424K, reserved 1056768K
  class space    used 624K, capacity 656K, committed 768K, reserved 1048576K
}
Event: 39.453 GC heap before
{Heap before GC invocations=19 (full 3):
 PSYoungGen      total 185344K, used 161702K [0x00000000eab00000, 0x00000000fc500000, 0x0000000100000000)
  eden space 108544K, 100% used [0x00000000eab00000,0x00000000f1500000,0x00000000f1500000)
  from space 76800K, 69% used [0x00000000f1500000,0x00000000f48e9898,0x00000000f6000000)
  to   space 81408K, 0% used [0x00000000f7580000,0x00000000f7580000,0x00000000fc500000)
 ParOldGen       total 287232K, used 195542K [0x00000000c0000000, 0x00000000d1880000, 0x00000000eab00000)
  object space 287232K, 68% used [0x00000000c0000000,0x00000000cbef5a60,0x00000000d1880000)
 Metaspace       used 6530K, capacity 7256K, committed 7424K, reserved 1056768K
  class space    used 624K, capacity 656K, committed 768K, reserved 1048576K
Event: 41.049 GC heap after
Heap after GC invocations=19 (full 3):
 PSYoungGen      total 203264K, used 55671K [0x00000000eab00000, 0x00000000fcf00000, 0x0000000100000000)
  eden space 121856K, 0% used [0x00000000eab00000,0x00000000eab00000,0x00000000f2200000)
  from space 81408K, 68% used [0x00000000f7580000,0x00000000fabddf00,0x00000000fc500000)
  to   space 85504K, 0% used [0x00000000f2200000,0x00000000f2200000,0x00000000f7580000)
 ParOldGen       total 287232K, used 195550K [0x00000000c0000000, 0x00000000d1880000, 0x00000000eab00000)
  object space 287232K, 68% used [0x00000000c0000000,0x00000000cbef7a60,0x00000000d1880000)
 Metaspace       used 6530K, capacity 7256K, committed 7424K, reserved 1056768K
  class space    used 624K, capacity 656K, committed 768K, reserved 1048576K
}

