# JRE version: Java(TM) SE Runtime Environment (8.0_73-b02) (build 1.8.0_73-b02)
# Java VM: Java HotSpot(TM) 64-Bit Server VM (25.73-b02 mixed mode windows-amd64 compressed oops)
Heap:
 PSYoungGen      total 225280K, used 55834K [0x00000000eab00000, 0x0000000100000000, 0x0000000100000000)
  eden space 109056K, 51% used [0x00000000eab00000,0x00000000ee186af0,0x00000000f1580000)
  from space 116224K, 0% used [0x00000000f1580000,0x00000000f1580000,0x00000000f8700000)
  to   space 116224K, 0% used [0x00000000f8e80000,0x00000000f8e80000,0x0000000100000000)
 ParOldGen       total 378368K, used 225421K [0x00000000c0000000, 0x00000000d7180000, 0x00000000eab00000)
  object space 378368K, 59% used [0x00000000c0000000,0x00000000cdc236d0,0x00000000d7180000)
 Metaspace       used 6551K, capacity 7256K, committed 7424K, reserved 1056768K
  class space    used 625K, capacity 656K, committed 768K, reserved 1048576K
GC Heap History (10 events):
Event: 55.598 GC heap before
{Heap before GC invocations=27 (full 5):
 PSYoungGen      total 212992K, used 139267K [0x00000000eab00000, 0x00000000fe980000, 0x0000000100000000)
  eden space 96768K, 100% used [0x00000000eab00000,0x00000000f0980000,0x00000000f0980000)
  from space 116224K, 36% used [0x00000000f0980000,0x00000000f3300e90,0x00000000f7b00000)
  to   space 110080K, 0% used [0x00000000f7e00000,0x00000000f7e00000,0x00000000fe980000)
 ParOldGen       total 378368K, used 211309K [0x00000000c0000000, 0x00000000d7180000, 0x00000000eab00000)
  object space 378368K, 55% used [0x00000000c0000000,0x00000000cce5b7c0,0x00000000d7180000)
 Metaspace       used 6548K, capacity 7256K, committed 7424K, reserved 1056768K
  class space    used 625K, capacity 656K, committed 768K, reserved 1048576K
Event: 55.665 GC heap after
Heap after GC invocations=27 (full 5):
 PSYoungGen      total 209920K, used 82810K [0x00000000eab00000, 0x00000000ff680000, 0x0000000100000000)
  eden space 99840K, 0% used [0x00000000eab00000,0x00000000eab00000,0x00000000f0c80000)
  from space 110080K, 75% used [0x00000000f7e00000,0x00000000fcede980,0x00000000fe980000)
  to   space 116224K, 0% used [0x00000000f0c80000,0x00000000f0c80000,0x00000000f7e00000)
 ParOldGen       total 378368K, used 211309K [0x00000000c0000000, 0x00000000d7180000, 0x00000000eab00000)
  object space 378368K, 55% used [0x00000000c0000000,0x00000000cce5b7c0,0x00000000d7180000)
 Metaspace       used 6548K, capacity 7256K, committed 7424K, reserved 1056768K
  class space    used 625K, capacity 656K, committed 768K, reserved 1048576K
}
Event: 55.778 GC heap before
{Heap before GC invocations=28 (full 5):
 PSYoungGen      total 209920K, used 182650K [0x00000000eab00000, 0x00000000ff680000, 0x0000000100000000)
  eden space 99840K, 100% used [0x00000000eab00000,0x00000000f0c80000,0x00000000f0c80000)
  from space 110080K, 75% used [0x00000000f7e00000,0x00000000fcede980,0x00000000fe980000)
  to   space 116224K, 0% used [0x00000000f0c80000,0x00000000f0c80000,0x00000000f7e00000)
 ParOldGen       total 378368K, used 211309K [0x00000000c0000000, 0x00000000d7180000, 0x00000000eab00000)
  object space 378368K, 55% used [0x00000000c0000000,0x00000000cce5b7c0,0x00000000d7180000)
 Metaspace       used 6550K, capacity 7256K, committed 7424K, reserved 1056768K
  class space    used 625K, capacity 656K, committed 768K, reserved 1048576K
Event: 55.886 GC heap after
Heap after GC invocations=28 (full 5):
 PSYoungGen      total 216064K, used 51982K [0x00000000eab00000, 0x00000000ff480000, 0x0000000100000000)
  eden space 99840K, 0% used [0x00000000eab00000,0x00000000eab00000,0x00000000f0c80000)
  from space 116224K, 44% used [0x00000000f0c80000,0x00000000f3f43a88,0x00000000f7e00000)
  to   space 112128K, 0% used [0x00000000f8700000,0x00000000f8700000,0x00000000ff480000)
 ParOldGen       total 378368K, used 294054K [0x00000000c0000000, 0x00000000d7180000, 0x00000000eab00000)
  object space 378368K, 77% used [0x00000000c0000000,0x00000000d1f29820,0x00000000d7180000)
 Metaspace       used 6550K, capacity 7256K, committed 7424K, reserved 1056768K
  class space    used 625K, capacity 656K, committed 768K, reserved 1048576K
}
Event: 56.032 GC heap before
{Heap before GC invocations=29 (full 5):
 PSYoungGen      total 216064K, used 151822K [0x00000000eab00000, 0x00000000ff480000, 0x0000000100000000)
  eden space 99840K, 100% used [0x00000000eab00000,0x00000000f0c80000,0x00000000f0c80000)
  from space 116224K, 44% used [0x00000000f0c80000,0x00000000f3f43a88,0x00000000f7e00000)
  to   space 112128K, 0% used [0x00000000f8700000,0x00000000f8700000,0x00000000ff480000)
 ParOldGen       total 378368K, used 294054K [0x00000000c0000000, 0x00000000d7180000, 0x00000000eab00000)
  object space 378368K, 77% used [0x00000000c0000000,0x00000000d1f29820,0x00000000d7180000)
 Metaspace       used 6550K, capacity 7256K, committed 7424K, reserved 1056768K
  class space    used 625K, capacity 656K, committed 768K, reserved 1048576K
Event: 56.096 GC heap after
Heap after GC invocations=29 (full 5):
 PSYoungGen      total 221184K, used 84058K [0x00000000eab00000, 0x00000000ffc80000, 0x0000000100000000)
  eden space 109056K, 0% used [0x00000000eab00000,0x00000000eab00000,0x00000000f1580000)
  from space 112128K, 74% used [0x00000000f8700000,0x00000000fd9169f8,0x00000000ff480000)
  to   space 116224K, 0% used [0x00000000f1580000,0x00000000f1580000,0x00000000f8700000)
 ParOldGen       total 378368K, used 294054K [0x00000000c0000000, 0x00000000d7180000, 0x00000000eab00000)
  object space 378368K, 77% used [0x00000000c0000000,0x00000000d1f29820,0x00000000d7180000)
 Metaspace       used 6550K, capacity 7256K, committed 7424K, reserved 1056768K
  class space    used 625K, capacity 656K, committed 768K, reserved 1048576K
}
Event: 56.421 GC heap before
{Heap before GC invocations=30 (full 5):
 PSYoungGen      total 221184K, used 193114K [0x00000000eab00000, 0x00000000ffc80000, 0x0000000100000000)
  eden space 109056K, 100% used [0x00000000eab00000,0x00000000f1580000,0x00000000f1580000)
  from space 112128K, 74% used [0x00000000f8700000,0x00000000fd9169f8,0x00000000ff480000)
  to   space 116224K, 0% used [0x00000000f1580000,0x00000000f1580000,0x00000000f8700000)
 ParOldGen       total 378368K, used 294054K [0x00000000c0000000, 0x00000000d7180000, 0x00000000eab00000)
  object space 378368K, 77% used [0x00000000c0000000,0x00000000d1f29820,0x00000000d7180000)
 Metaspace       used 6550K, capacity 7256K, committed 7424K, reserved 1056768K
  class space    used 625K, capacity 656K, committed 768K, reserved 1048576K
Event: 56.551 GC heap after
Heap after GC invocations=30 (full 5):
 PSYoungGen      total 225280K, used 24984K [0x00000000eab00000, 0x0000000100000000, 0x0000000100000000)
  eden space 109056K, 0% used [0x00000000eab00000,0x00000000eab00000,0x00000000f1580000)
  from space 116224K, 21% used [0x00000000f1580000,0x00000000f2de61b8,0x00000000f8700000)
  to   space 116224K, 0% used [0x00000000f8e80000,0x00000000f8e80000,0x0000000100000000)
 ParOldGen       total 378368K, used 374165K [0x00000000c0000000, 0x00000000d7180000, 0x00000000eab00000)
  object space 378368K, 98% used [0x00000000c0000000,0x00000000d6d65688,0x00000000d7180000)
 Metaspace       used 6550K, capacity 7256K, committed 7424K, reserved 1056768K
  class space    used 625K, capacity 656K, committed 768K, reserved 1048576K
}
Event: 56.551 GC heap before
{Heap before GC invocations=31 (full 6):
 PSYoungGen      total 225280K, used 24984K [0x00000000eab00000, 0x0000000100000000, 0x0000000100000000)
  eden space 109056K, 0% used [0x00000000eab00000,0x00000000eab00000,0x00000000f1580000)
  from space 116224K, 21% used [0x00000000f1580000,0x00000000f2de61b8,0x00000000f8700000)
  to   space 116224K, 0% used [0x00000000f8e80000,0x00000000f8e80000,0x0000000100000000)
 ParOldGen       total 378368K, used 374165K [0x00000000c0000000, 0x00000000d7180000, 0x00000000eab00000)
  object space 378368K, 98% used [0x00000000c0000000,0x00000000d6d65688,0x00000000d7180000)
 Metaspace       used 6550K, capacity 7256K, committed 7424K, reserved 1056768K
  class space    used 625K, capacity 656K, committed 768K, reserved 1048576K
Event: 57.978 GC heap after
Heap after GC invocations=31 (full 6):
 PSYoungGen      total 225280K, used 0K [0x00000000eab00000, 0x0000000100000000, 0x0000000100000000)
  eden space 109056K, 0% used [0x00000000eab00000,0x00000000eab00000,0x00000000f1580000)
  from space 116224K, 0% used [0x00000000f1580000,0x00000000f1580000,0x00000000f8700000)
  to   space 116224K, 0% used [0x00000000f8e80000,0x00000000f8e80000,0x0000000100000000)
 ParOldGen       total 378368K, used 225421K [0x00000000c0000000, 0x00000000d7180000, 0x00000000eab00000)
  object space 378368K, 59% used [0x00000000c0000000,0x00000000cdc236d0,0x00000000d7180000)
 Metaspace       used 6550K, capacity 7256K, committed 7424K, reserved 1056768K
  class space    used 625K, capacity 656K, committed 768K, reserved 1048576K
}

