# JRE version: Java(TM) SE Runtime Environment (8.0_73-b02) (build 1.8.0_73-b02)
# Java VM: Java HotSpot(TM) 64-Bit Server VM (25.73-b02 mixed mode windows-amd64 compressed oops)
Heap:
 PSYoungGen      total 226304K, used 191782K [0x00000000eab00000, 0x00000000ff000000, 0x0000000100000000)
  eden space 153088K, 83% used [0x00000000eab00000,0x00000000f27b3928,0x00000000f4080000)
  from space 73216K, 87% used [0x00000000f9180000,0x00000000fd016130,0x00000000fd900000)
  to   space 82944K, 0% used [0x00000000f4080000,0x00000000f4080000,0x00000000f9180000)
 ParOldGen       total 211456K, used 161514K [0x00000000c0000000, 0x00000000cce80000, 0x00000000eab00000)
  object space 211456K, 76% used [0x00000000c0000000,0x00000000c9dba830,0x00000000cce80000)
 Metaspace       used 6543K, capacity 7256K, committed 7424K, reserved 1056768K
  class space    used 625K, capacity 656K, committed 768K, reserved 1048576K
GC Heap History (10 events):
Event: 23.832 GC heap before
{Heap before GC invocations=10 (full 1):
 PSYoungGen      total 144384K, used 22003K [0x00000000eab00000, 0x00000000fbd80000, 0x0000000100000000)
  eden space 122368K, 0% used [0x00000000eab00000,0x00000000eab00000,0x00000000f2280000)
  from space 22016K, 99% used [0x00000000f2280000,0x00000000f37fcd28,0x00000000f3800000)
  to   space 42496K, 0% used [0x00000000f9400000,0x00000000f9400000,0x00000000fbd80000)
 ParOldGen       total 67072K, used 66630K [0x00000000c0000000, 0x00000000c4180000, 0x00000000eab00000)
  object space 67072K, 99% used [0x00000000c0000000,0x00000000c4111b20,0x00000000c4180000)
 Metaspace       used 6520K, capacity 7256K, committed 7424K, reserved 1056768K
  class space    used 623K, capacity 656K, committed 768K, reserved 1048576K
Event: 28.392 GC heap after
Heap after GC invocations=10 (full 1):
 PSYoungGen      total 144384K, used 17820K [0x00000000eab00000, 0x00000000fbd80000, 0x0000000100000000)
  eden space 122368K, 0% used [0x00000000eab00000,0x00000000eab00000,0x00000000f2280000)
  from space 22016K, 80% used [0x00000000f2280000,0x00000000f33e7040,0x00000000f3800000)
  to   space 42496K, 0% used [0x00000000f9400000,0x00000000f9400000,0x00000000fbd80000)
 ParOldGen       total 117760K, used 66666K [0x00000000c0000000, 0x00000000c7300000, 0x00000000eab00000)
  object space 117760K, 56% used [0x00000000c0000000,0x00000000c411ab58,0x00000000c7300000)
 Metaspace       used 6520K, capacity 7256K, committed 7424K, reserved 1056768K
  class space    used 623K, capacity 656K, committed 768K, reserved 1048576K
}
Event: 28.578 GC heap before
{Heap before GC invocations=11 (full 1):
 PSYoungGen      total 144384K, used 140188K [0x00000000eab00000, 0x00000000fbd80000, 0x0000000100000000)
  eden space 122368K, 100% used [0x00000000eab00000,0x00000000f2280000,0x00000000f2280000)
  from space 22016K, 80% used [0x00000000f2280000,0x00000000f33e7040,0x00000000f3800000)
  to   space 42496K, 0% used [0x00000000f9400000,0x00000000f9400000,0x00000000fbd80000)
 ParOldGen       total 117760K, used 66666K [0x00000000c0000000, 0x00000000c7300000, 0x00000000eab00000)
  object space 117760K, 56% used [0x00000000c0000000,0x00000000c411ab58,0x00000000c7300000)
 Metaspace       used 6520K, capacity 7256K, committed 7424K, reserved 1056768K
  class space    used 623K, capacity 656K, committed 768K, reserved 1048576K
Event: 28.840 GC heap after
Heap after GC invocations=11 (full 1):
 PSYoungGen      total 188928K, used 42496K [0x00000000eab00000, 0x00000000fc300000, 0x0000000100000000)
  eden space 146432K, 0% used [0x00000000eab00000,0x00000000eab00000,0x00000000f3a00000)
  from space 42496K, 100% used [0x00000000f9400000,0x00000000fbd80000,0x00000000fbd80000)
  to   space 70144K, 0% used [0x00000000f3a00000,0x00000000f3a00000,0x00000000f7e80000)
 ParOldGen       total 121856K, used 121402K [0x00000000c0000000, 0x00000000c7700000, 0x00000000eab00000)
  object space 121856K, 99% used [0x00000000c0000000,0x00000000c768ea38,0x00000000c7700000)
 Metaspace       used 6520K, capacity 7256K, committed 7424K, reserved 1056768K
  class space    used 623K, capacity 656K, committed 768K, reserved 1048576K
}
Event: 28.840 GC heap before
{Heap before GC invocations=12 (full 2):
 PSYoungGen      total 188928K, used 42496K [0x00000000eab00000, 0x00000000fc300000, 0x0000000100000000)
  eden space 146432K, 0% used [0x00000000eab00000,0x00000000eab00000,0x00000000f3a00000)
  from space 42496K, 100% used [0x00000000f9400000,0x00000000fbd80000,0x00000000fbd80000)
  to   space 70144K, 0% used [0x00000000f3a00000,0x00000000f3a00000,0x00000000f7e80000)
 ParOldGen       total 121856K, used 121402K [0x00000000c0000000, 0x00000000c7700000, 0x00000000eab00000)
  object space 121856K, 99% used [0x00000000c0000000,0x00000000c768ea38,0x00000000c7700000)
 Metaspace       used 6520K, capacity 7256K, committed 7424K, reserved 1056768K
  class space    used 623K, capacity 656K, committed 768K, reserved 1048576K
Event: 29.783 GC heap after
Heap after GC invocations=12 (full 2):
 PSYoungGen      total 188928K, used 38213K [0x00000000eab00000, 0x00000000fc300000, 0x0000000100000000)
  eden space 146432K, 0% used [0x00000000eab00000,0x00000000eab00000,0x00000000f3a00000)
  from space 42496K, 89% used [0x00000000f9400000,0x00000000fb951760,0x00000000fbd80000)
  to   space 70144K, 0% used [0x00000000f3a00000,0x00000000f3a00000,0x00000000f7e80000)
 ParOldGen       total 211456K, used 121648K [0x00000000c0000000, 0x00000000cce80000, 0x00000000eab00000)
  object space 211456K, 57% used [0x00000000c0000000,0x00000000c76cc000,0x00000000cce80000)
 Metaspace       used 6520K, capacity 7256K, committed 7424K, reserved 1056768K
  class space    used 623K, capacity 656K, committed 768K, reserved 1048576K
}
Event: 30.306 GC heap before
{Heap before GC invocations=13 (full 2):
 PSYoungGen      total 188928K, used 184645K [0x00000000eab00000, 0x00000000fc300000, 0x0000000100000000)
  eden space 146432K, 100% used [0x00000000eab00000,0x00000000f3a00000,0x00000000f3a00000)
  from space 42496K, 89% used [0x00000000f9400000,0x00000000fb951760,0x00000000fbd80000)
  to   space 70144K, 0% used [0x00000000f3a00000,0x00000000f3a00000,0x00000000f7e80000)
 ParOldGen       total 211456K, used 121648K [0x00000000c0000000, 0x00000000cce80000, 0x00000000eab00000)
  object space 211456K, 57% used [0x00000000c0000000,0x00000000c76cc000,0x00000000cce80000)
 Metaspace       used 6528K, capacity 7256K, committed 7424K, reserved 1056768K
  class space    used 624K, capacity 656K, committed 768K, reserved 1048576K
Event: 30.565 GC heap after
Heap after GC invocations=13 (full 2):
 PSYoungGen      total 216576K, used 43537K [0x00000000eab00000, 0x00000000fd900000, 0x0000000100000000)
  eden space 146432K, 0% used [0x00000000eab00000,0x00000000eab00000,0x00000000f3a00000)
  from space 70144K, 62% used [0x00000000f3a00000,0x00000000f64845b8,0x00000000f7e80000)
  to   space 73216K, 0% used [0x00000000f9180000,0x00000000f9180000,0x00000000fd900000)
 ParOldGen       total 211456K, used 161514K [0x00000000c0000000, 0x00000000cce80000, 0x00000000eab00000)
  object space 211456K, 76% used [0x00000000c0000000,0x00000000c9dba830,0x00000000cce80000)
 Metaspace       used 6528K, capacity 7256K, committed 7424K, reserved 1056768K
  class space    used 624K, capacity 656K, committed 768K, reserved 1048576K
}
Event: 32.588 GC heap before
{Heap before GC invocations=14 (full 2):
 PSYoungGen      total 216576K, used 189969K [0x00000000eab00000, 0x00000000fd900000, 0x0000000100000000)
  eden space 146432K, 100% used [0x00000000eab00000,0x00000000f3a00000,0x00000000f3a00000)
  from space 70144K, 62% used [0x00000000f3a00000,0x00000000f64845b8,0x00000000f7e80000)
  to   space 73216K, 0% used [0x00000000f9180000,0x00000000f9180000,0x00000000fd900000)
 ParOldGen       total 211456K, used 161514K [0x00000000c0000000, 0x00000000cce80000, 0x00000000eab00000)
  object space 211456K, 76% used [0x00000000c0000000,0x00000000c9dba830,0x00000000cce80000)
 Metaspace       used 6532K, capacity 7256K, committed 7424K, reserved 1056768K
  class space    used 624K, capacity 656K, committed 768K, reserved 1048576K
Event: 33.151 GC heap after
Heap after GC invocations=14 (full 2):
 PSYoungGen      total 226304K, used 64088K [0x00000000eab00000, 0x00000000ff000000, 0x0000000100000000)
  eden space 153088K, 0% used [0x00000000eab00000,0x00000000eab00000,0x00000000f4080000)
  from space 73216K, 87% used [0x00000000f9180000,0x00000000fd016130,0x00000000fd900000)
  to   space 82944K, 0% used [0x00000000f4080000,0x00000000f4080000,0x00000000f9180000)
 ParOldGen       total 211456K, used 161514K [0x00000000c0000000, 0x00000000cce80000, 0x00000000eab00000)
  object space 211456K, 76% used [0x00000000c0000000,0x00000000c9dba830,0x00000000cce80000)
 Metaspace       used 6532K, capacity 7256K, committed 7424K, reserved 1056768K
  class space    used 624K, capacity 656K, committed 768K, reserved 1048576K
}

